<?xml version="1.0" encoding="UTF-8"?>
<!-- Generated by org.testng.reporters.JUnitReportReporter -->
<testsuite hostname="LAPTOP-L326B3C6" failures="0" tests="2" name="Demo.ParallelTestDemo1" time="10.034" errors="0" timestamp="2024-08-17T14:45:21 IST" skipped="0">
  <testcase classname="Demo.ParallelTestDemo1" name="verifyLogo" time="6.015"/>
  <system-out/>
  <testcase classname="Demo.ParallelTestDemo1" name="verifyTitle" time="4.019"/>
  <system-out/>
</testsuite> <!-- Demo.ParallelTestDemo1 -->
