<?xml version="1.0" encoding="UTF-8"?>
<!-- Generated by org.testng.reporters.JUnitReportReporter -->
<testsuite hostname="LAPTOP-L326B3C6" failures="0" tests="1" name="Demo.AutomobileClass" time="0.004" errors="0" timestamp="2024-09-02T21:44:44 IST" skipped="0">
  <testcase classname="Demo.AutomobileClass" name="testCase1" time="0.004"/>
  <system-out/>
</testsuite> <!-- Demo.AutomobileClass -->
