<?xml version="1.0" encoding="UTF-8"?>
<!-- Generated by org.testng.reporters.JUnitReportReporter -->
<testsuite hostname="LAPTOP-L326B3C6" failures="0" tests="3" name="BatchTesting.ProductPageTest" time="0.009" errors="0" timestamp="2024-08-22T15:36:15 IST" skipped="0">
  <testcase classname="BatchTesting.ProductPageTest" name="AddProductToWishList" time="0.002"/>
  <system-out/>
  <testcase classname="BatchTesting.ProductPageTest" name="AddProductToCart" time="0.002"/>
  <system-out/>
  <testcase classname="BatchTesting.ProductPageTest" name="SelectQuantity" time="0.005"/>
  <system-out/>
</testsuite> <!-- BatchTesting.ProductPageTest -->
