<?xml version="1.0" encoding="UTF-8"?>
<!-- Generated by org.testng.reporters.JUnitReportReporter -->
<testsuite hostname="LAPTOP-L326B3C6" failures="0" tests="2" name="BatchTesting.LoginTest" time="0.042" errors="0" timestamp="2024-08-22T15:36:15 IST" skipped="0">
  <testcase classname="BatchTesting.LoginTest" name="LoginByMobileNumber" time="0.005"/>
  <system-out/>
  <testcase classname="BatchTesting.LoginTest" name="LoginByemail" time="0.037"/>
  <system-out/>
</testsuite> <!-- BatchTesting.LoginTest -->
