<?xml version="1.0" encoding="UTF-8"?>
<!-- Generated by org.testng.reporters.JUnitReportReporter -->
<testsuite hostname="LAPTOP-L326B3C6" failures="0" tests="1" name="Demo.LoanDepartment" time="0.013" errors="0" timestamp="2024-09-02T21:44:31 IST" skipped="0">
  <testcase classname="Demo.LoanDepartment" name="MobileLoginPersonalLoan" time="0.013"/>
  <system-out/>
</testsuite> <!-- Demo.LoanDepartment -->
