<?xml version="1.0" encoding="UTF-8"?>
<!-- Generated by org.testng.reporters.JUnitReportReporter -->
<testsuite hostname="LAPTOP-L326B3C6" failures="0" tests="2" name="BatchTesting.PaymentTest" time="0.007" errors="0" timestamp="2024-08-22T15:36:15 IST" skipped="0">
  <testcase classname="BatchTesting.PaymentTest" name="NetBAnking" time="0.004"/>
  <system-out/>
  <testcase classname="BatchTesting.PaymentTest" name="CashOnDelivery" time="0.003"/>
  <system-out/>
</testsuite> <!-- BatchTesting.PaymentTest -->
