<?xml version="1.0" encoding="UTF-8"?>
<!-- Generated by org.testng.reporters.JUnitReportReporter -->
<testsuite hostname="LAPTOP-L326B3C6" failures="0" tests="3" name="Demo.TestNGParameterDemo" time="0.036" errors="0" timestamp="2024-08-08T13:21:11 IST" skipped="0">
  <testcase classname="Demo.TestNGParameterDemo" name="multiply" time="0.001"/>
  <system-out/>
  <testcase classname="Demo.TestNGParameterDemo" name="add" time="0.032"/>
  <system-out/>
  <testcase classname="Demo.TestNGParameterDemo" name="subtraction" time="0.003"/>
  <system-out/>
</testsuite> <!-- Demo.TestNGParameterDemo -->
