<?xml version="1.0" encoding="UTF-8"?>
<!-- Generated by org.testng.reporters.JUnitReportReporter -->
<testsuite hostname="LAPTOP-L326B3C6" failures="0" tests="3" name="BatchTesting.HomeScreenTest" time="0.031" errors="0" timestamp="2024-08-22T15:36:15 IST" skipped="0">
  <testcase classname="BatchTesting.HomeScreenTest" name="LaunchApplication" time="0.023"/>
  <system-out/>
  <testcase classname="BatchTesting.HomeScreenTest" name="Verifytitle" time="0.004"/>
  <system-out/>
  <testcase classname="BatchTesting.HomeScreenTest" name="VerifyLogo" time="0.004"/>
  <system-out/>
</testsuite> <!-- BatchTesting.HomeScreenTest -->
