<?xml version="1.0" encoding="UTF-8"?>
<!-- Generated by org.testng.reporters.JUnitReportReporter -->
<testsuite hostname="LAPTOP-L326B3C6" failures="0" tests="1" name="ExtendReportDemo.BasicExtendReportClass" time="0.028" errors="0" timestamp="2024-09-04T13:50:21 IST" skipped="0">
  <testcase classname="ExtendReportDemo.BasicExtendReportClass" name="VerifyUsername" time="0.028"/>
  <system-out/>
</testsuite> <!-- ExtendReportDemo.BasicExtendReportClass -->
