<?xml version="1.0" encoding="UTF-8"?>
<!-- Generated by org.testng.reporters.JUnitReportReporter -->
<testsuite hostname="LAPTOP-L326B3C6" failures="0" tests="1" name="Demo.ParallelTestDemo2" time="7.395" errors="0" timestamp="2024-08-17T14:45:21 IST" skipped="0">
  <testcase classname="Demo.ParallelTestDemo2" name="login" time="7.395"/>
  <system-out/>
</testsuite> <!-- Demo.ParallelTestDemo2 -->
