<?xml version="1.0" encoding="UTF-8"?>
<!-- Generated by org.testng.reporters.JUnitReportReporter -->
<testsuite hostname="LAPTOP-L326B3C6" failures="0" tests="2" name="Demo.GroupAttribute" time="0.017" errors="0" timestamp="2024-09-02T21:44:17 IST" skipped="0">
  <testcase classname="Demo.GroupAttribute" name="infosys" time="0.015"/>
  <system-out/>
  <testcase classname="Demo.GroupAttribute" name="wipro" time="0.002"/>
  <system-out/>
</testsuite> <!-- Demo.GroupAttribute -->
